<?xml version="1.0" encoding="UTF-8"?>
<!-- Generated by org.testng.reporters.JUnitReportReporter -->
<testsuite hostname="WIN-VQH3MOF24SS" failures="0" tests="2" name="demotestng.DataProviderDemo" time="10.491" errors="0" timestamp="2021-11-29T11:10:28 IST" skipped="0">
  <testcase classname="demotestng.DataProviderDemo" name="f" time="7.610"/>
  <system-out/>
  <testcase classname="demotestng.DataProviderDemo" name="f" time="2.881"/>
  <system-out/>
</testsuite> <!-- demotestng.DataProviderDemo -->
