<?xml version="1.0" encoding="UTF-8"?>
<!-- Generated by org.testng.reporters.JUnitReportReporter -->
<testsuite hostname="WIN-VQH3MOF24SS" failures="0" tests="2" name="groupsdemo.Testgroup1" time="0.007" errors="0" timestamp="2021-11-29T12:21:52 IST" skipped="0">
  <testcase classname="groupsdemo.Testgroup1" name="Test4" time="0.001"/>
  <system-out/>
  <testcase classname="groupsdemo.Testgroup1" name="Test3" time="0.006"/>
  <system-out/>
</testsuite> <!-- groupsdemo.Testgroup1 -->
